<?xml version="1.0" encoding="UTF-8"?>
<!-- Generated by org.testng.reporters.JUnitReportReporter -->
<testsuite hostname="LIN65003994" failures="0" tests="1" name="testCases.LoginToAccount" time="1.281" errors="0" timestamp="2023-04-22T23:34:39 IST" skipped="0">
  <testcase classname="testCases.LoginToAccount" name="login" time="1.281"/>
  <system-out/>
</testsuite> <!-- testCases.LoginToAccount -->
